0 info it worked if it ends with ok
1 verbose cli [ '/usr/bin/node', '/usr/bin/npm', 'install', 'mongoose', '-g' ]
2 info using npm@1.4.28
3 info using node@v0.10.37
4 verbose node symlink /usr/bin/node
5 verbose cache add [ 'mongoose', null ]
6 verbose cache add name=undefined spec="mongoose" args=["mongoose",null]
7 verbose parsed url { protocol: null,
7 verbose parsed url   slashes: null,
7 verbose parsed url   auth: null,
7 verbose parsed url   host: null,
7 verbose parsed url   port: null,
7 verbose parsed url   hostname: null,
7 verbose parsed url   hash: null,
7 verbose parsed url   search: null,
7 verbose parsed url   query: null,
7 verbose parsed url   pathname: 'mongoose',
7 verbose parsed url   path: 'mongoose',
7 verbose parsed url   href: 'mongoose' }
8 silly lockFile f25dbdd3-mongoose mongoose
9 verbose lock mongoose /home/ubuntu/.npm/f25dbdd3-mongoose.lock
10 silly lockFile f25dbdd3-mongoose mongoose
11 silly lockFile f25dbdd3-mongoose mongoose
12 verbose addNamed [ 'mongoose', '' ]
13 verbose addNamed [ null, '*' ]
14 silly lockFile 3bb0fc31-mongoose mongoose@
15 verbose lock mongoose@ /home/ubuntu/.npm/3bb0fc31-mongoose.lock
16 silly addNameRange { name: 'mongoose', range: '*', hasData: false }
17 verbose request where is /mongoose
18 verbose request registry https://registry.npmjs.org/
19 verbose request id 0f9c5024f05b72b4
20 verbose url raw /mongoose
21 verbose url resolving [ 'https://registry.npmjs.org/', './mongoose' ]
22 verbose url resolved https://registry.npmjs.org/mongoose
23 verbose request where is https://registry.npmjs.org/mongoose
24 info trying registry request attempt 1 at 15:38:05
25 http GET https://registry.npmjs.org/mongoose
26 http 200 https://registry.npmjs.org/mongoose
27 silly registry.get cb [ 200,
27 silly registry.get   { server: 'CouchDB/1.5.0 (Erlang OTP/R16B03)',
27 silly registry.get     etag: '"CLMTSOODUM6RNPT46BX7ZVZWL"',
27 silly registry.get     'content-type': 'application/json',
27 silly registry.get     'cache-control': 'max-age=60',
27 silly registry.get     'content-length': '355460',
27 silly registry.get     'accept-ranges': 'bytes',
27 silly registry.get     date: 'Fri, 11 Sep 2015 15:38:03 GMT',
27 silly registry.get     via: '1.1 varnish',
27 silly registry.get     age: '46',
27 silly registry.get     connection: 'keep-alive',
27 silly registry.get     'x-served-by': 'cache-sjc3127-SJC',
27 silly registry.get     'x-cache': 'HIT',
27 silly registry.get     'x-cache-hits': '1',
27 silly registry.get     'x-timer': 'S1441985883.770833,VS0,VE2',
27 silly registry.get     vary: 'Accept' } ]
28 silly addNameRange number 2 { name: 'mongoose', range: '*', hasData: true }
29 silly addNameRange versions [ 'mongoose',
29 silly addNameRange   [ '0.0.1',
29 silly addNameRange     '0.0.2',
29 silly addNameRange     '0.0.3',
29 silly addNameRange     '0.0.4',
29 silly addNameRange     '0.0.5',
29 silly addNameRange     '1.0.0',
29 silly addNameRange     '1.0.1',
29 silly addNameRange     '1.0.2',
29 silly addNameRange     '0.0.6',
29 silly addNameRange     '1.0.3',
29 silly addNameRange     '1.0.4',
29 silly addNameRange     '1.0.5',
29 silly addNameRange     '1.0.6',
29 silly addNameRange     '1.0.7',
29 silly addNameRange     '1.0.8',
29 silly addNameRange     '1.0.10',
29 silly addNameRange     '1.0.11',
29 silly addNameRange     '1.0.12',
29 silly addNameRange     '1.0.13',
29 silly addNameRange     '1.0.14',
29 silly addNameRange     '1.0.15',
29 silly addNameRange     '1.0.16',
29 silly addNameRange     '1.1.0',
29 silly addNameRange     '1.1.1',
29 silly addNameRange     '1.1.2',
29 silly addNameRange     '1.1.3',
29 silly addNameRange     '1.1.4',
29 silly addNameRange     '1.1.5',
29 silly addNameRange     '1.1.6',
29 silly addNameRange     '1.1.7',
29 silly addNameRange     '1.1.8',
29 silly addNameRange     '1.1.9',
29 silly addNameRange     '1.1.10',
29 silly addNameRange     '1.1.11',
29 silly addNameRange     '1.1.12',
29 silly addNameRange     '1.1.13',
29 silly addNameRange     '1.1.14',
29 silly addNameRange     '1.1.15',
29 silly addNameRange     '1.1.16',
29 silly addNameRange     '1.1.17',
29 silly addNameRange     '1.1.18',
29 silly addNameRange     '1.1.19',
29 silly addNameRange     '1.1.20',
29 silly addNameRange     '1.1.21',
29 silly addNameRange     '1.1.22',
29 silly addNameRange     '1.1.23',
29 silly addNameRange     '1.1.24',
29 silly addNameRange     '1.1.25',
29 silly addNameRange     '1.2.0',
29 silly addNameRange     '1.3.0',
29 silly addNameRange     '1.3.1',
29 silly addNameRange     '1.3.2',
29 silly addNameRange     '1.3.3',
29 silly addNameRange     '1.3.4',
29 silly addNameRange     '1.3.5',
29 silly addNameRange     '1.3.6',
29 silly addNameRange     '1.3.7',
29 silly addNameRange     '1.4.0',
29 silly addNameRange     '1.5.0',
29 silly addNameRange     '1.6.0',
29 silly addNameRange     '1.7.2',
29 silly addNameRange     '1.7.3',
29 silly addNameRange     '1.7.4',
29 silly addNameRange     '1.8.0',
29 silly addNameRange     '1.8.1',
29 silly addNameRange     '1.8.2',
29 silly addNameRange     '1.8.3',
29 silly addNameRange     '1.8.4',
29 silly addNameRange     '2.0.0',
29 silly addNameRange     '2.0.1',
29 silly addNameRange     '2.0.2',
29 silly addNameRange     '2.0.3',
29 silly addNameRange     '2.0.4',
29 silly addNameRange     '2.1.0',
29 silly addNameRange     '2.1.1',
29 silly addNameRange     '2.1.2',
29 silly addNameRange     '2.1.3',
29 silly addNameRange     '2.1.4',
29 silly addNameRange     '2.2.0',
29 silly addNameRange     '2.2.1',
29 silly addNameRange     '2.2.2',
29 silly addNameRange     '2.2.3',
29 silly addNameRange     '2.2.4',
29 silly addNameRange     '2.3.0',
29 silly addNameRange     '2.3.1',
29 silly addNameRange     '2.3.2',
29 silly addNameRange     '2.3.3',
29 silly addNameRange     '2.3.4',
29 silly addNameRange     '2.3.5',
29 silly addNameRange     '2.3.6',
29 silly addNameRange     '2.3.7',
29 silly addNameRange     '2.3.8',
29 silly addNameRange     '2.3.9',
29 silly addNameRange     '2.3.10',
29 silly addNameRange     '2.3.11',
29 silly addNameRange     '2.3.12',
29 silly addNameRange     '2.3.13',
29 silly addNameRange     '2.4.0',
29 silly addNameRange     '2.4.1',
29 silly addNameRange     '2.4.2',
29 silly addNameRange     '2.4.3',
29 silly addNameRange     '2.4.4',
29 silly addNameRange     '2.4.5',
29 silly addNameRange     '2.4.6',
29 silly addNameRange     '2.4.7',
29 silly addNameRange     '2.4.8',
29 silly addNameRange     '2.4.9',
29 silly addNameRange     '2.4.10',
29 silly addNameRange     '2.5.0',
29 silly addNameRange     '2.5.1',
29 silly addNameRange     '2.5.2',
29 silly addNameRange     '2.5.3',
29 silly addNameRange     '2.5.4',
29 silly addNameRange     '2.5.5',
29 silly addNameRange     '2.5.6',
29 silly addNameRange     '2.5.7',
29 silly addNameRange     '2.5.8',
29 silly addNameRange     '2.5.9',
29 silly addNameRange     '2.5.10',
29 silly addNameRange     '2.5.11',
29 silly addNameRange     '2.5.12',
29 silly addNameRange     '2.5.13',
29 silly addNameRange     '2.5.14',
29 silly addNameRange     '2.6.0',
29 silly addNameRange     '2.6.1',
29 silly addNameRange     '2.6.2',
29 silly addNameRange     '2.6.3',
29 silly addNameRange     '2.6.4',
29 silly addNameRange     '2.6.5',
29 silly addNameRange     '2.6.6',
29 silly addNameRange     '2.6.7',
29 silly addNameRange     '2.6.8',
29 silly addNameRange     '2.7.0',
29 silly addNameRange     '2.7.1',
29 silly addNameRange     '2.7.2',
29 silly addNameRange     '2.7.4',
29 silly addNameRange     '2.7.3',
29 silly addNameRange     '3.0.0',
29 silly addNameRange     '3.0.1',
29 silly addNameRange     '3.0.2',
29 silly addNameRange     '2.8.0',
29 silly addNameRange     '3.0.3',
29 silly addNameRange     '3.1.0',
29 silly addNameRange     '2.8.1',
29 silly addNameRange     '3.1.1',
29 silly addNameRange     '2.8.2',
29 silly addNameRange     '2.8.3',
29 silly addNameRange     '2.9.0',
29 silly addNameRange     '3.2.0',
29 silly addNameRange     '2.9.1',
29 silly addNameRange     '3.2.1',
29 silly addNameRange     '2.9.2',
29 silly addNameRange     '3.2.2',
29 silly addNameRange     '3.3.0',
29 silly addNameRange     '3.3.1',
29 silly addNameRange     '2.9.3',
29 silly addNameRange     '3.4.0',
29 silly addNameRange     '2.9.4',
29 silly addNameRange     '2.9.5',
29 silly addNameRange     '3.5.0',
29 silly addNameRange     '3.5.1',
29 silly addNameRange     '3.5.2',
29 silly addNameRange     '3.5.3',
29 silly addNameRange     '2.9.6',
29 silly addNameRange     '2.9.7',
29 silly addNameRange     '3.5.4',
29 silly addNameRange     '3.5.5',
29 silly addNameRange     '2.9.8',
29 silly addNameRange     '2.9.9',
29 silly addNameRange     '3.5.6',
29 silly addNameRange     '3.5.7',
29 silly addNameRange     '3.5.8',
29 silly addNameRange     '2.9.10',
29 silly addNameRange     '3.5.9',
29 silly addNameRange     '3.6.2',
29 silly addNameRange     '3.5.10',
29 silly addNameRange     '3.6.3',
29 silly addNameRange     '3.5.11',
29 silly addNameRange     '3.6.4',
29 silly addNameRange     '3.6.5',
29 silly addNameRange     '3.6.6',
29 silly addNameRange     '3.6.7',
29 silly addNameRange     '3.5.12',
29 silly addNameRange     '3.6.8',
29 silly addNameRange     '3.6.9',
29 silly addNameRange     '3.6.10',
29 silly addNameRange     '3.5.13',
29 silly addNameRange     '3.5.14',
29 silly addNameRange     '3.6.11',
29 silly addNameRange     '3.6.12',
29 silly addNameRange     '3.6.13',
29 silly addNameRange     '3.6.14',
29 silly addNameRange     '3.6.15',
29 silly addNameRange     '3.5.15',
29 silly addNameRange     '3.7.0',
29 silly addNameRange     '3.6.16',
29 silly addNameRange     '3.5.16',
29 silly addNameRange     '3.6.17',
29 silly addNameRange     '3.7.2',
29 silly addNameRange     '3.0.0-alpha1',
29 silly addNameRange     '3.0.0-alpha2',
29 silly addNameRange     '3.0.0-rc0',
29 silly addNameRange     '3.6.0-rc0',
29 silly addNameRange     '3.6.0-rc1',
29 silly addNameRange     '3.6.18',
29 silly addNameRange     '3.7.3',
29 silly addNameRange     '3.6.19',
29 silly addNameRange     '3.6.20',
29 silly addNameRange     '3.7.4',
29 silly addNameRange     '3.8.0',
29 silly addNameRange     '3.8.1',
29 silly addNameRange     '3.8.2',
29 silly addNameRange     '3.8.3',
29 silly addNameRange     '3.8.4',
29 silly addNameRange     '3.8.5',
29 silly addNameRange     '3.8.6',
29 silly addNameRange     '3.8.7',
29 silly addNameRange     '3.8.8',
29 silly addNameRange     '3.8.9',
29 silly addNameRange     '3.8.10',
29 silly addNameRange     '3.8.11',
29 silly addNameRange     '3.9.0',
29 silly addNameRange     '3.8.12',
29 silly addNameRange     '3.8.13',
29 silly addNameRange     '3.8.14',
29 silly addNameRange     '3.8.15',
29 silly addNameRange     '3.9.1',
29 silly addNameRange     '3.8.16',
29 silly addNameRange     '3.9.2',
29 silly addNameRange     '3.8.17',
29 silly addNameRange     '3.9.3',
29 silly addNameRange     '3.8.18',
29 silly addNameRange     '3.9.4',
29 silly addNameRange     '3.8.19',
29 silly addNameRange     '3.9.5',
29 silly addNameRange     '3.8.20',
29 silly addNameRange     '3.9.6',
29 silly addNameRange     '3.8.21',
29 silly addNameRange     '3.9.7',
29 silly addNameRange     '3.8.22',
29 silly addNameRange     '4.0.0-rc0',
29 silly addNameRange     '4.0.0-rc1',
29 silly addNameRange     '3.8.23',
29 silly addNameRange     '4.0.0-rc2',
29 silly addNameRange     '3.8.24',
29 silly addNameRange     '4.0.0-rc3',
29 silly addNameRange     '3.8.25',
29 silly addNameRange     '4.0.0-rc4',
29 silly addNameRange     '4.0.0',
29 silly addNameRange     '4.0.1',
29 silly addNameRange     '3.8.26',
29 silly addNameRange     '3.8.27',
29 silly addNameRange     '4.0.2',
29 silly addNameRange     '3.8.28',
29 silly addNameRange     '4.0.3',
29 silly addNameRange     '3.8.29',
29 silly addNameRange     '4.0.4',
29 silly addNameRange     '3.8.30',
29 silly addNameRange     '4.0.5',
29 silly addNameRange     '3.8.31',
29 silly addNameRange     '4.0.6',
29 silly addNameRange     '3.8.33',
29 silly addNameRange     '4.0.7',
29 silly addNameRange     '3.8.34',
29 silly addNameRange     '4.0.8',
29 silly addNameRange     '4.1.0',
29 silly addNameRange     '4.1.1',
29 silly addNameRange     '4.1.2',
29 silly addNameRange     '3.8.35',
29 silly addNameRange     '4.1.3',
29 silly addNameRange     '4.1.5',
29 silly addNameRange     '4.1.6' ] ]
30 verbose addNamed [ 'mongoose', '4.1.6' ]
31 verbose addNamed [ '4.1.6', '4.1.6' ]
32 silly lockFile ba9ed2cc-mongoose-4-1-6 mongoose@4.1.6
33 verbose lock mongoose@4.1.6 /home/ubuntu/.npm/ba9ed2cc-mongoose-4-1-6.lock
34 silly lockFile 821ef7a9--org-mongoose-mongoose-4-1-6-tgz https://registry.npmjs.org/mongoose/-/mongoose-4.1.6.tgz
35 verbose lock https://registry.npmjs.org/mongoose/-/mongoose-4.1.6.tgz /home/ubuntu/.npm/821ef7a9--org-mongoose-mongoose-4-1-6-tgz.lock
36 verbose addRemoteTarball [ 'https://registry.npmjs.org/mongoose/-/mongoose-4.1.6.tgz',
36 verbose addRemoteTarball   '5ac7732d42a7c8375c787d2eb66fcf918a6cf7ed' ]
37 info retry fetch attempt 1 at 15:38:06
38 verbose fetch to= /tmp/npm-12874-aKkAjZsg/registry.npmjs.org/mongoose/-/mongoose-4.1.6.tgz
39 http GET https://registry.npmjs.org/mongoose/-/mongoose-4.1.6.tgz
40 http 200 https://registry.npmjs.org/mongoose/-/mongoose-4.1.6.tgz
41 silly lockFile 821ef7a9--org-mongoose-mongoose-4-1-6-tgz https://registry.npmjs.org/mongoose/-/mongoose-4.1.6.tgz
42 silly lockFile 821ef7a9--org-mongoose-mongoose-4-1-6-tgz https://registry.npmjs.org/mongoose/-/mongoose-4.1.6.tgz
43 silly lockFile ba9ed2cc-mongoose-4-1-6 mongoose@4.1.6
44 silly lockFile ba9ed2cc-mongoose-4-1-6 mongoose@4.1.6
45 silly lockFile 3bb0fc31-mongoose mongoose@
46 silly lockFile 3bb0fc31-mongoose mongoose@
47 silly resolved [ { name: 'mongoose',
47 silly resolved     description: 'Mongoose MongoDB ODM',
47 silly resolved     version: '4.1.6',
47 silly resolved     author: { name: 'Guillermo Rauch', email: 'guillermo@learnboost.com' },
47 silly resolved     keywords:
47 silly resolved      [ 'mongodb',
47 silly resolved        'document',
47 silly resolved        'model',
47 silly resolved        'schema',
47 silly resolved        'database',
47 silly resolved        'odm',
47 silly resolved        'data',
47 silly resolved        'datastore',
47 silly resolved        'query',
47 silly resolved        'nosql',
47 silly resolved        'orm',
47 silly resolved        'db' ],
47 silly resolved     license: 'MIT',
47 silly resolved     dependencies:
47 silly resolved      { async: '0.9.0',
47 silly resolved        bson: '~0.4',
47 silly resolved        'hooks-fixed': '1.1.0',
47 silly resolved        kareem: '1.0.1',
47 silly resolved        mongodb: '2.0.42',
47 silly resolved        mpath: '0.1.1',
47 silly resolved        mpromise: '0.5.4',
47 silly resolved        mquery: '1.6.3',
47 silly resolved        ms: '0.1.0',
47 silly resolved        muri: '1.0.0',
47 silly resolved        'regexp-clone': '0.0.1',
47 silly resolved        sliced: '0.0.5' },
47 silly resolved     devDependencies:
47 silly resolved      { acquit: '0.3.0',
47 silly resolved        'acquit-ignore': '0.0.1',
47 silly resolved        benchmark: '1.0.0',
47 silly resolved        bluebird: '2.9.34',
47 silly resolved        co: '3.1.0',
47 silly resolved        dox: '0.3.1',
47 silly resolved        eslint: '1.0.0',
47 silly resolved        'highlight.js': '7.0.1',
47 silly resolved        istanbul: '^0.3.13',
47 silly resolved        jade: '0.26.3',
47 silly resolved        markdown: '0.3.1',
47 silly resolved        marked: '0.3.2',
47 silly resolved        mocha: '1.20.0',
47 silly resolved        'node-static': '0.5.9',
47 silly resolved        open: '0.0.3',
47 silly resolved        q: '1.4.1',
47 silly resolved        tbd: '0.6.4',
47 silly resolved        'uglify-js': '2.4.24',
47 silly resolved        underscore: '1.5.2' },
47 silly resolved     browserDependencies:
47 silly resolved      { browserify: '4.1.10',
47 silly resolved        karma: '0.12.16',
47 silly resolved        'karma-chai': '0.1.0',
47 silly resolved        'karma-mocha': '0.1.4',
47 silly resolved        'karma-chrome-launcher': '0.1.4',
47 silly resolved        'karma-sauce-launcher': '0.2.8' },
47 silly resolved     directories: { lib: './lib/mongoose' },
47 silly resolved     scripts:
47 silly resolved      { 'install-browser': 'npm install `node format_deps.js`',
47 silly resolved        test: 'mocha --async-only test/*.test.js test/**/*.test.js',
47 silly resolved        'test-cov': 'istanbul cover _mocha --async-only test/*.test.js' },
47 silly resolved     main: './index.js',
47 silly resolved     engines: { node: '>=0.6.19' },
47 silly resolved     bugs:
47 silly resolved      { url: 'https://github.com/Automattic/mongoose/issues/new',
47 silly resolved        email: 'mongoose-orm@googlegroups.com' },
47 silly resolved     repository: { type: 'git', url: 'git://github.com/Automattic/mongoose.git' },
47 silly resolved     homepage: 'http://mongoosejs.com',
47 silly resolved     browser: 'lib/browser.js',
47 silly resolved     gitHead: 'b9136adc4f75dacc03e6ab4de90bd853cd3017d8',
47 silly resolved     _id: 'mongoose@4.1.6',
47 silly resolved     _shasum: '5ac7732d42a7c8375c787d2eb66fcf918a6cf7ed',
47 silly resolved     _from: 'mongoose@',
47 silly resolved     _npmVersion: '2.9.1',
47 silly resolved     _nodeVersion: '0.12.3',
47 silly resolved     _npmUser: { name: 'vkarpov15', email: 'val@karpov.io' },
47 silly resolved     dist:
47 silly resolved      { shasum: '5ac7732d42a7c8375c787d2eb66fcf918a6cf7ed',
47 silly resolved        tarball: 'http://registry.npmjs.org/mongoose/-/mongoose-4.1.6.tgz' },
47 silly resolved     maintainers: [ [Object], [Object], [Object], [Object], [Object] ],
47 silly resolved     _resolved: 'https://registry.npmjs.org/mongoose/-/mongoose-4.1.6.tgz' } ]
48 info install mongoose@4.1.6 into /usr/lib
49 info installOne mongoose@4.1.6
50 verbose lib/node_modules/mongoose unbuild
51 verbose tar unpack /home/ubuntu/.npm/mongoose/4.1.6/package.tgz
52 silly lockFile 0fda9051-ar-usr-lib-node-modules-mongoose tar:///usr/lib/node_modules/mongoose
53 verbose lock tar:///usr/lib/node_modules/mongoose /home/ubuntu/.npm/0fda9051-ar-usr-lib-node-modules-mongoose.lock
54 silly lockFile a3193126-u-npm-mongoose-4-1-6-package-tgz tar:///home/ubuntu/.npm/mongoose/4.1.6/package.tgz
55 verbose lock tar:///home/ubuntu/.npm/mongoose/4.1.6/package.tgz /home/ubuntu/.npm/a3193126-u-npm-mongoose-4-1-6-package-tgz.lock
56 silly gunzTarPerm modes [ '775', '664' ]
57 error Error: EACCES, mkdir '/usr/lib/node_modules/mongoose'
57 error  { [Error: EACCES, mkdir '/usr/lib/node_modules/mongoose']
57 error   errno: 3,
57 error   code: 'EACCES',
57 error   path: '/usr/lib/node_modules/mongoose',
57 error   fstream_type: 'Directory',
57 error   fstream_path: '/usr/lib/node_modules/mongoose',
57 error   fstream_class: 'DirWriter',
57 error   fstream_stack:
57 error    [ '/usr/lib/node_modules/npm/node_modules/fstream/lib/dir-writer.js:36:23',
57 error      '/usr/lib/node_modules/npm/node_modules/mkdirp/index.js:46:53',
57 error      'Object.oncomplete (fs.js:108:15)' ] }
58 error Please try running this command again as root/Administrator.
59 error System Linux 3.13.0-48-generic
60 error command "/usr/bin/node" "/usr/bin/npm" "install" "mongoose" "-g"
61 error cwd /home/ubuntu/udhaya/Banana/Codebase/CoreApp
62 error node -v v0.10.37
63 error npm -v 1.4.28
64 error path /usr/lib/node_modules/mongoose
65 error fstream_path /usr/lib/node_modules/mongoose
66 error fstream_type Directory
67 error fstream_class DirWriter
68 error code EACCES
69 error errno 3
70 error stack Error: EACCES, mkdir '/usr/lib/node_modules/mongoose'
71 error fstream_stack /usr/lib/node_modules/npm/node_modules/fstream/lib/dir-writer.js:36:23
71 error fstream_stack /usr/lib/node_modules/npm/node_modules/mkdirp/index.js:46:53
71 error fstream_stack Object.oncomplete (fs.js:108:15)
72 verbose exit [ 3, true ]
